<?xml version="1.0" encoding="UTF-8"?>
<testng-results ignored="0" total="1" passed="1" failed="0" skipped="0">
  <reporter-output>
  </reporter-output>
  <suite started-at="2023-01-19T20:46:55 IST" name="Suite" finished-at="2023-01-19T20:47:05 IST" duration-ms="10066">
    <groups>
    </groups>
    <test started-at="2023-01-19T20:46:55 IST" name="Test" finished-at="2023-01-19T20:47:05 IST" duration-ms="10066">
      <class name="Testtutorial.Demo1">
        <test-method signature="abc()[pri:0, instance:Testtutorial.Demo1@4d5d943d]" started-at="2023-01-19T20:46:55 IST" name="abc" finished-at="2023-01-19T20:47:05 IST" duration-ms="10010" status="PASS">
          <reporter-output>
          </reporter-output>
        </test-method> <!-- abc -->
      </class> <!-- Testtutorial.Demo1 -->
    </test> <!-- Test -->
  </suite> <!-- Suite -->
</testng-results>
